0 verbose cli /usr/local/bin/node /usr/local/bin/npm
1 info using npm@11.9.0
2 info using node@v24.14.0
3 silly config load:file:/usr/local/lib/node_modules/npm/npmrc
4 silly config load:file:/Users/sokny/Documents/ecommerce-app/.npmrc
5 silly config load:file:/Users/sokny/.npmrc
6 silly config load:file:/usr/local/etc/npmrc
7 verbose title npm install @ngrx/store@16 @ngrx/effects@16 @ngrx/store-devtools@16 @angular/material @angular/cdk
8 verbose argv "install" "@ngrx/store@16" "@ngrx/effects@16" "@ngrx/store-devtools@16" "@angular/material" "@angular/cdk"
9 verbose logfile logs-max:10 dir:/Users/sokny/Documents/ecommerce-app/.npm-cache/_logs/2026-06-11T09_40_00_911Z-
10 verbose logfile /Users/sokny/Documents/ecommerce-app/.npm-cache/_logs/2026-06-11T09_40_00_911Z-debug-0.log
11 silly logfile done cleaning log files
12 silly packumentCache heap:4496293888 maxSize:1124073472 maxEntrySize:562036736
13 silly idealTree buildDeps
14 silly fetch manifest @ngrx/store@16
15 silly packumentCache full:https://registry.npmjs.org/@ngrx%2fstore cache-miss
16 http cache https://registry.npmjs.org/@ngrx%2fstore 123ms (cache hit)
17 silly packumentCache full:https://registry.npmjs.org/@ngrx%2fstore set size:466187 disposed:false
18 silly fetch manifest @angular/core@^16.2.0
19 silly packumentCache full:https://registry.npmjs.org/@angular%2fcore cache-miss
20 http cache https://registry.npmjs.org/@angular%2fcore 5ms (cache hit)
21 silly packumentCache full:https://registry.npmjs.org/@angular%2fcore set size:3040375 disposed:false
22 silly fetch manifest rxjs@~7.8.0
23 silly packumentCache full:https://registry.npmjs.org/rxjs cache-miss
24 http cache https://registry.npmjs.org/rxjs 3ms (cache hit)
25 silly packumentCache full:https://registry.npmjs.org/rxjs set size:980097 disposed:false
26 silly fetch manifest zone.js@~0.13.0
27 silly packumentCache full:https://registry.npmjs.org/zone.js cache-miss
28 http cache https://registry.npmjs.org/zone.js 2ms (cache hit)
29 silly packumentCache full:https://registry.npmjs.org/zone.js set size:378576 disposed:false
30 silly fetch manifest @ngrx/effects@16
31 silly packumentCache full:https://registry.npmjs.org/@ngrx%2feffects cache-miss
32 http fetch GET 200 https://registry.npmjs.org/@ngrx%2feffects 1113ms (cache miss)
33 silly packumentCache full:https://registry.npmjs.org/@ngrx%2feffects set size:undefined disposed:false
34 silly fetch manifest @ngrx/store-devtools@16
35 silly packumentCache full:https://registry.npmjs.org/@ngrx%2fstore-devtools cache-miss
36 http fetch GET 200 https://registry.npmjs.org/@ngrx%2fstore-devtools 833ms (cache miss)
37 silly packumentCache full:https://registry.npmjs.org/@ngrx%2fstore-devtools set size:undefined disposed:false
38 silly fetch manifest @angular/material@*
39 silly packumentCache full:https://registry.npmjs.org/@angular%2fmaterial cache-miss
40 http fetch GET 200 https://registry.npmjs.org/@angular%2fmaterial 869ms (cache miss)
41 silly packumentCache full:https://registry.npmjs.org/@angular%2fmaterial set size:undefined disposed:false
42 silly fetch manifest @angular/cdk@*
43 silly packumentCache full:https://registry.npmjs.org/@angular%2fcdk cache-miss
44 http fetch GET 200 https://registry.npmjs.org/@angular%2fcdk 687ms (cache miss)
45 silly packumentCache full:https://registry.npmjs.org/@angular%2fcdk set size:undefined disposed:false
46 silly fetch manifest @angular/common@^16.2.0
47 silly packumentCache full:https://registry.npmjs.org/@angular%2fcommon cache-miss
48 http fetch GET 200 https://registry.npmjs.org/@angular%2fcommon 627ms (cache revalidated)
49 silly packumentCache full:https://registry.npmjs.org/@angular%2fcommon set size:3149898 disposed:false
50 silly fetch manifest @angular/common@^22.0.0 || ^23.0.0
51 silly packumentCache full:https://registry.npmjs.org/@angular%2fcommon cache-miss
52 http cache https://registry.npmjs.org/@angular%2fcommon 8ms (cache hit)
53 silly packumentCache full:https://registry.npmjs.org/@angular%2fcommon set size:3149898 disposed:false
54 verbose stack Error: unable to resolve dependency tree
54 verbose stack     at #failPeerConflict (/usr/local/lib/node_modules/npm/node_modules/@npmcli/arborist/lib/arborist/build-ideal-tree.js:1402:25)
54 verbose stack     at #loadPeerSet (/usr/local/lib/node_modules/npm/node_modules/@npmcli/arborist/lib/arborist/build-ideal-tree.js:1368:33)
54 verbose stack     at async #loadPeerSet (/usr/local/lib/node_modules/npm/node_modules/@npmcli/arborist/lib/arborist/build-ideal-tree.js:1347:23)
54 verbose stack     at async #buildDepStep (/usr/local/lib/node_modules/npm/node_modules/@npmcli/arborist/lib/arborist/build-ideal-tree.js:916:11)
54 verbose stack     at async Arborist.buildIdealTree (/usr/local/lib/node_modules/npm/node_modules/@npmcli/arborist/lib/arborist/build-ideal-tree.js:170:7)
54 verbose stack     at async Promise.all (index 1)
54 verbose stack     at async Arborist.reify (/usr/local/lib/node_modules/npm/node_modules/@npmcli/arborist/lib/arborist/reify.js:110:5)
54 verbose stack     at async Install.exec (/usr/local/lib/node_modules/npm/lib/commands/install.js:151:5)
54 verbose stack     at async Npm.exec (/usr/local/lib/node_modules/npm/lib/npm.js:208:9)
54 verbose stack     at async module.exports (/usr/local/lib/node_modules/npm/lib/cli/entry.js:67:5)
55 error code ERESOLVE
56 error ERESOLVE unable to resolve dependency tree
57 error
58 error While resolving: ecommerce-app@0.0.0
58 error Found: @angular/common@16.2.12
58 error node_modules/@angular/common
58 error   @angular/common@"^16.2.0" from the root project
58 error
58 error Could not resolve dependency:
58 error peer @angular/common@"^22.0.0 || ^23.0.0" from @angular/cdk@22.0.1
58 error node_modules/@angular/cdk
58 error   @angular/cdk@"*" from the root project
58 error   peer @angular/cdk@"22.0.1" from @angular/material@22.0.1
58 error   node_modules/@angular/material
58 error     @angular/material@"*" from the root project
58 error
58 error Fix the upstream dependency conflict, or retry
58 error this command with --force or --legacy-peer-deps
58 error to accept an incorrect (and potentially broken) dependency resolution.
59 error
59 error
59 error For a full report see:
59 error /Users/sokny/Documents/ecommerce-app/.npm-cache/_logs/2026-06-11T09_40_00_911Z-eresolve-report.txt
60 silly unfinished npm timer reify 1781170801125
61 silly unfinished npm timer reify:loadTrees 1781170801127
62 silly unfinished npm timer idealTree:buildDeps 1781170801285
63 silly unfinished npm timer idealTree:#root 1781170801286
64 verbose cwd /Users/sokny/Documents/ecommerce-app
65 verbose os Darwin 25.2.0
66 verbose node v24.14.0
67 verbose npm  v11.9.0
68 verbose exit 1
69 verbose code 1
70 error A complete log of this run can be found in: /Users/sokny/Documents/ecommerce-app/.npm-cache/_logs/2026-06-11T09_40_00_911Z-debug-0.log
